<?xml version="1.0" encoding="UTF-8"?>
<testsuite xmlns:xsi="http://www.w3.org/2001/XMLSchema-instance" xsi:noNamespaceSchemaLocation="https://maven.apache.org/surefire/maven-surefire-plugin/xsd/surefire-test-report.xsd" name="com.nnk.springboot.unit.service.CurvePointServiceTest" time="0.026" tests="7" errors="0" skipped="0" failures="0">
  <properties>
[...]
</properties>
  <testcase name="saveCurvePointTest" classname="com.nnk.springboot.unit.service.CurvePointServiceTest" time="0.019"/>
  <testcase name="saveCurvePointWithoutAllArgErrorTest" classname="com.nnk.springboot.unit.service.CurvePointServiceTest" time="0.001"/>
  <testcase name="findAllCurvePointTest" classname="com.nnk.springboot.unit.service.CurvePointServiceTest" time="0.001"/>
  <testcase name="saveCurvePointWithoutCurveIdErrorTest" classname="com.nnk.springboot.unit.service.CurvePointServiceTest" time="0.001"/>
  <testcase name="deleteCurvePointNullErrorTest" classname="com.nnk.springboot.unit.service.CurvePointServiceTest" time="0.001"/>
  <testcase name="getCurvePointByIdTest" classname="com.nnk.springboot.unit.service.CurvePointServiceTest" time="0.001"/>
  <testcase name="deleteCurvePointTest" classname="com.nnk.springboot.unit.service.CurvePointServiceTest" time="0.001"/>
</testsuite>